0 verbose cli /usr/local/bin/node /usr/local/bin/npm
1 info using npm@11.0.0
2 info using node@v20.18.1
3 silly config load:file:/usr/local/lib/node_modules/npm/npmrc
4 silly config load:file:/home/container/.npmrc
5 silly config load:file:/usr/local/etc/npmrc
6 verbose title npm install
7 verbose argv "install"
8 verbose logfile logs-max:10 dir:/home/container/.npm/_logs/2025-01-12T00_47_08_008Z-
9 verbose logfile /home/container/.npm/_logs/2025-01-12T00_47_08_008Z-debug-0.log
10 silly logfile done cleaning log files
11 silly packumentCache heap:4345298944 maxSize:1086324736 maxEntrySize:543162368
12 silly idealTree buildDeps
13 silly reify moves {}
14 silly audit bulk request {
14 silly audit   '@discordjs/builders': [ '1.10.0' ],
14 silly audit   '@discordjs/collection': [ '1.5.3', '2.1.1' ],
14 silly audit   '@discordjs/formatters': [ '0.6.0' ],
14 silly audit   '@discordjs/rest': [ '2.4.2' ],
14 silly audit   '@discordjs/util': [ '1.1.1' ],
14 silly audit   '@discordjs/ws': [ '1.2.0' ],
14 silly audit   '@sapphire/async-queue': [ '1.5.5' ],
14 silly audit   '@sapphire/shapeshift': [ '4.0.0' ],
14 silly audit   '@sapphire/snowflake': [ '3.5.3' ],
14 silly audit   '@types/node': [ '22.10.5' ],
14 silly audit   '@types/ws': [ '8.5.13' ],
14 silly audit   '@vladfrangu/async_event_emitter': [ '2.4.6' ],
14 silly audit   asynckit: [ '0.4.0' ],
14 silly audit   axios: [ '1.7.9' ],
14 silly audit   'combined-stream': [ '1.0.8' ],
14 silly audit   'delayed-stream': [ '1.0.0' ],
14 silly audit   'discord-api-types': [ '0.37.115' ],
14 silly audit   'discord.js': [ '14.17.3' ],
14 silly audit   dotenv: [ '16.4.7' ],
14 silly audit   'fast-deep-equal': [ '3.1.3' ],
14 silly audit   'follow-redirects': [ '1.15.9' ],
14 silly audit   'form-data': [ '4.0.1' ],
14 silly audit   fs: [ '0.0.1-security' ],
14 silly audit   lodash: [ '4.17.21' ],
14 silly audit   'lodash.snakecase': [ '4.1.1' ],
14 silly audit   'magic-bytes.js': [ '1.10.0' ],
14 silly audit   'mime-db': [ '1.52.0' ],
14 silly audit   'mime-types': [ '2.1.35' ],
14 silly audit   'proxy-from-env': [ '1.1.0' ],
14 silly audit   'ts-mixer': [ '6.0.4' ],
14 silly audit   tslib: [ '2.8.1' ],
14 silly audit   undici: [ '6.19.8' ],
14 silly audit   'undici-types': [ '6.20.0' ],
14 silly audit   ws: [ '8.18.0' ]
14 silly audit }
15 http fetch POST 200 https://registry.npmjs.org/-/npm/v1/security/advisories/bulk 3948ms
16 silly audit report {}
17 verbose cwd /home/container
18 verbose os Linux 6.8.0-51-generic
19 verbose node v20.18.1
20 verbose npm  v11.0.0
21 verbose exit 0
22 info ok
