0 verbose cli /usr/local/bin/node /usr/local/bin/npm
1 info using npm@11.0.0
2 info using node@v20.18.1
3 silly config load:file:/usr/local/lib/node_modules/npm/npmrc
4 silly config load:file:/home/container/.npmrc
5 silly config load:file:/usr/local/etc/npmrc
6 verbose title npm install
7 verbose argv "install"
8 verbose logfile logs-max:10 dir:/home/container/.npm/_logs/2025-01-12T00_45_19_049Z-
9 verbose logfile /home/container/.npm/_logs/2025-01-12T00_45_19_049Z-debug-0.log
10 silly logfile done cleaning log files
11 silly packumentCache heap:4345298944 maxSize:1086324736 maxEntrySize:543162368
12 silly idealTree buildDeps
13 silly fetch manifest axios@^1.2.2
14 silly packumentCache full:https://registry.npmjs.org/axios cache-miss
15 http fetch GET 200 https://registry.npmjs.org/axios 3799ms (cache miss)
16 silly packumentCache full:https://registry.npmjs.org/axios set size:undefined disposed:false
17 silly fetch manifest discord.js@^14.7.1
18 silly packumentCache full:https://registry.npmjs.org/discord.js cache-miss
19 http fetch GET 200 https://registry.npmjs.org/npm 3910ms
20 http fetch GET 200 https://registry.npmjs.org/discord.js 819ms (cache miss)
21 silly packumentCache full:https://registry.npmjs.org/discord.js set size:undefined disposed:false
22 silly fetch manifest dotenv@^16.0.3
23 silly packumentCache full:https://registry.npmjs.org/dotenv cache-miss
24 http fetch GET 200 https://registry.npmjs.org/dotenv 314ms (cache miss)
25 silly packumentCache full:https://registry.npmjs.org/dotenv set size:undefined disposed:false
26 silly fetch manifest fs@^0.0.1-security
27 silly packumentCache full:https://registry.npmjs.org/fs cache-miss
28 http fetch GET 200 https://registry.npmjs.org/fs 50ms (cache miss)
29 silly packumentCache full:https://registry.npmjs.org/fs set size:undefined disposed:false
30 silly placeDep ROOT axios@1.7.9 OK for:  want: ^1.2.2
31 silly placeDep ROOT discord.js@14.17.3 OK for:  want: ^14.7.1
32 silly placeDep ROOT dotenv@16.4.7 OK for:  want: ^16.0.3
33 silly placeDep ROOT fs@0.0.1-security OK for:  want: ^0.0.1-security
34 silly fetch manifest form-data@^4.0.0
35 silly packumentCache full:https://registry.npmjs.org/form-data cache-miss
36 silly fetch manifest proxy-from-env@^1.1.0
37 silly packumentCache full:https://registry.npmjs.org/proxy-from-env cache-miss
38 silly fetch manifest follow-redirects@^1.15.6
39 silly packumentCache full:https://registry.npmjs.org/follow-redirects cache-miss
40 silly fetch manifest @discordjs/builders@^1.10.0
41 silly packumentCache full:https://registry.npmjs.org/@discordjs%2fbuilders cache-miss
42 silly fetch manifest @discordjs/collection@1.5.3
43 silly packumentCache full:https://registry.npmjs.org/@discordjs%2fcollection cache-miss
44 silly fetch manifest @discordjs/formatters@^0.6.0
45 silly packumentCache full:https://registry.npmjs.org/@discordjs%2fformatters cache-miss
46 silly fetch manifest @discordjs/ws@^1.2.0
47 silly packumentCache full:https://registry.npmjs.org/@discordjs%2fws cache-miss
48 silly fetch manifest @sapphire/snowflake@3.5.3
49 silly packumentCache full:https://registry.npmjs.org/@sapphire%2fsnowflake cache-miss
50 silly fetch manifest discord-api-types@^0.37.114
51 silly packumentCache full:https://registry.npmjs.org/discord-api-types cache-miss
52 silly fetch manifest fast-deep-equal@3.1.3
53 silly packumentCache full:https://registry.npmjs.org/fast-deep-equal cache-miss
54 silly fetch manifest lodash.snakecase@4.1.1
55 silly packumentCache full:https://registry.npmjs.org/lodash.snakecase cache-miss
56 silly fetch manifest tslib@^2.6.3
57 silly packumentCache full:https://registry.npmjs.org/tslib cache-miss
58 silly fetch manifest undici@6.19.8
59 silly packumentCache full:https://registry.npmjs.org/undici cache-miss
60 silly fetch manifest @discordjs/rest@^2.4.2
61 silly packumentCache full:https://registry.npmjs.org/@discordjs%2frest cache-miss
62 silly fetch manifest @discordjs/util@^1.1.1
63 silly packumentCache full:https://registry.npmjs.org/@discordjs%2futil cache-miss
64 http fetch GET 200 https://registry.npmjs.org/proxy-from-env 61ms (cache miss)
65 silly packumentCache full:https://registry.npmjs.org/proxy-from-env set size:undefined disposed:false
66 http fetch GET 200 https://registry.npmjs.org/form-data 70ms (cache miss)
67 silly packumentCache full:https://registry.npmjs.org/form-data set size:undefined disposed:false
68 http fetch GET 200 https://registry.npmjs.org/fast-deep-equal 192ms (cache miss)
69 silly packumentCache full:https://registry.npmjs.org/fast-deep-equal set size:undefined disposed:false
70 http fetch GET 200 https://registry.npmjs.org/lodash.snakecase 199ms (cache miss)
71 silly packumentCache full:https://registry.npmjs.org/lodash.snakecase set size:undefined disposed:false
72 http fetch GET 200 https://registry.npmjs.org/@discordjs%2fcollection 1239ms (cache miss)
73 silly packumentCache full:https://registry.npmjs.org/@discordjs%2fcollection set size:undefined disposed:false
74 http fetch GET 200 https://registry.npmjs.org/@discordjs%2frest 1380ms (cache miss)
75 silly packumentCache full:https://registry.npmjs.org/@discordjs%2frest set size:undefined disposed:false
76 http fetch GET 200 https://registry.npmjs.org/@discordjs%2futil 1614ms (cache miss)
77 silly packumentCache full:https://registry.npmjs.org/@discordjs%2futil set size:undefined disposed:false
78 http fetch GET 200 https://registry.npmjs.org/follow-redirects 3813ms (cache miss)
79 silly packumentCache full:https://registry.npmjs.org/follow-redirects set size:undefined disposed:false
80 http fetch GET 200 https://registry.npmjs.org/tslib 3834ms (cache miss)
81 silly packumentCache full:https://registry.npmjs.org/tslib set size:undefined disposed:false
82 http fetch GET 200 https://registry.npmjs.org/undici 3921ms (cache miss)
83 silly packumentCache full:https://registry.npmjs.org/undici set size:undefined disposed:false
84 http fetch GET 200 https://registry.npmjs.org/discord-api-types 4773ms (cache miss)
85 silly packumentCache full:https://registry.npmjs.org/discord-api-types set size:undefined disposed:false
86 http fetch GET 200 https://registry.npmjs.org/@sapphire%2fsnowflake 5298ms (cache miss)
87 silly packumentCache full:https://registry.npmjs.org/@sapphire%2fsnowflake set size:undefined disposed:false
88 http fetch GET 200 https://registry.npmjs.org/@discordjs%2fws 5484ms (cache miss)
89 silly packumentCache full:https://registry.npmjs.org/@discordjs%2fws set size:undefined disposed:false
90 http fetch GET 200 https://registry.npmjs.org/@discordjs%2fformatters 5599ms (cache miss)
91 silly packumentCache full:https://registry.npmjs.org/@discordjs%2fformatters set size:undefined disposed:false
92 http fetch GET 200 https://registry.npmjs.org/@discordjs%2fbuilders 5635ms (cache miss)
93 silly packumentCache full:https://registry.npmjs.org/@discordjs%2fbuilders set size:undefined disposed:false
94 silly placeDep ROOT follow-redirects@1.15.9 OK for: axios@1.7.9 want: ^1.15.6
95 silly placeDep ROOT form-data@4.0.1 OK for: axios@1.7.9 want: ^4.0.0
96 silly placeDep ROOT proxy-from-env@1.1.0 OK for: axios@1.7.9 want: ^1.1.0
97 silly fetch manifest asynckit@^0.4.0
98 silly packumentCache full:https://registry.npmjs.org/asynckit cache-miss
99 silly fetch manifest combined-stream@^1.0.8
100 silly packumentCache full:https://registry.npmjs.org/combined-stream cache-miss
101 silly fetch manifest mime-types@^2.1.12
102 silly packumentCache full:https://registry.npmjs.org/mime-types cache-miss
103 http fetch GET 200 https://registry.npmjs.org/asynckit 51ms (cache miss)
104 silly packumentCache full:https://registry.npmjs.org/asynckit set size:undefined disposed:false
105 http fetch GET 200 https://registry.npmjs.org/combined-stream 62ms (cache miss)
106 silly packumentCache full:https://registry.npmjs.org/combined-stream set size:undefined disposed:false
107 http fetch GET 200 https://registry.npmjs.org/mime-types 65ms (cache miss)
108 silly packumentCache full:https://registry.npmjs.org/mime-types set size:undefined disposed:false
109 silly placeDep ROOT @discordjs/builders@1.10.0 OK for: discord.js@14.17.3 want: ^1.10.0
110 silly placeDep ROOT @discordjs/collection@1.5.3 OK for: discord.js@14.17.3 want: 1.5.3
111 silly placeDep ROOT @discordjs/formatters@0.6.0 OK for: discord.js@14.17.3 want: ^0.6.0
112 silly placeDep ROOT @discordjs/rest@2.4.2 OK for: discord.js@14.17.3 want: ^2.4.2
113 silly placeDep ROOT @discordjs/util@1.1.1 OK for: discord.js@14.17.3 want: ^1.1.1
114 silly placeDep ROOT @discordjs/ws@1.2.0 OK for: discord.js@14.17.3 want: ^1.2.0
115 silly placeDep ROOT @sapphire/snowflake@3.5.3 OK for: discord.js@14.17.3 want: 3.5.3
116 silly placeDep ROOT discord-api-types@0.37.115 OK for: discord.js@14.17.3 want: ^0.37.114
117 silly placeDep ROOT fast-deep-equal@3.1.3 OK for: discord.js@14.17.3 want: 3.1.3
118 silly placeDep ROOT lodash.snakecase@4.1.1 OK for: discord.js@14.17.3 want: 4.1.1
119 silly placeDep ROOT tslib@2.8.1 OK for: discord.js@14.17.3 want: ^2.6.3
120 silly placeDep ROOT undici@6.19.8 OK for: discord.js@14.17.3 want: 6.19.8
121 silly fetch manifest ts-mixer@^6.0.4
122 silly packumentCache full:https://registry.npmjs.org/ts-mixer cache-miss
123 silly fetch manifest fast-deep-equal@^3.1.3
124 silly packumentCache full:https://registry.npmjs.org/fast-deep-equal cache-miss
125 silly fetch manifest @sapphire/shapeshift@^4.0.0
126 silly packumentCache full:https://registry.npmjs.org/@sapphire%2fshapeshift cache-miss
127 silly fetch manifest magic-bytes.js@^1.10.0
128 silly packumentCache full:https://registry.npmjs.org/magic-bytes.js cache-miss
129 silly fetch manifest @sapphire/snowflake@^3.5.3
130 silly packumentCache full:https://registry.npmjs.org/@sapphire%2fsnowflake cache-miss
131 silly fetch manifest @discordjs/collection@^2.1.1
132 silly packumentCache full:https://registry.npmjs.org/@discordjs%2fcollection cache-miss
133 silly fetch manifest @sapphire/async-queue@^1.5.3
134 silly packumentCache full:https://registry.npmjs.org/@sapphire%2fasync-queue cache-miss
135 silly fetch manifest @vladfrangu/async_event_emitter@^2.4.6
136 silly packumentCache full:https://registry.npmjs.org/@vladfrangu%2fasync_event_emitter cache-miss
137 silly fetch manifest ws@^8.17.0
138 silly packumentCache full:https://registry.npmjs.org/ws cache-miss
139 silly fetch manifest tslib@^2.6.2
140 silly packumentCache full:https://registry.npmjs.org/tslib cache-miss
141 silly fetch manifest @types/ws@^8.5.10
142 silly packumentCache full:https://registry.npmjs.org/@types%2fws cache-miss
143 silly fetch manifest @discordjs/collection@^2.1.0
144 silly packumentCache full:https://registry.npmjs.org/@discordjs%2fcollection cache-miss
145 silly fetch manifest @sapphire/async-queue@^1.5.2
146 silly packumentCache full:https://registry.npmjs.org/@sapphire%2fasync-queue cache-miss
147 silly fetch manifest @vladfrangu/async_event_emitter@^2.2.4
148 silly packumentCache full:https://registry.npmjs.org/@vladfrangu%2fasync_event_emitter cache-miss
149 http cache https://registry.npmjs.org/@discordjs%2fcollection 52ms (cache hit)
150 silly packumentCache full:https://registry.npmjs.org/@discordjs%2fcollection set size:4563303 disposed:false
151 http cache https://registry.npmjs.org/tslib 98ms (cache hit)
152 silly packumentCache full:https://registry.npmjs.org/tslib set size:108872 disposed:false
153 http cache https://registry.npmjs.org/@discordjs%2fcollection 116ms (cache hit)
154 silly packumentCache full:https://registry.npmjs.org/@discordjs%2fcollection set size:4563303 disposed:false
155 http cache https://registry.npmjs.org/fast-deep-equal 168ms (cache hit)
156 silly packumentCache full:https://registry.npmjs.org/fast-deep-equal set size:48634 disposed:false
157 http cache https://registry.npmjs.org/@sapphire%2fsnowflake 172ms (cache hit)
158 silly packumentCache full:https://registry.npmjs.org/@sapphire%2fsnowflake set size:2724575 disposed:false
159 http fetch GET 200 https://registry.npmjs.org/@types%2fws 205ms (cache miss)
160 silly packumentCache full:https://registry.npmjs.org/@types%2fws set size:undefined disposed:false
161 http fetch GET 200 https://registry.npmjs.org/ws 306ms (cache miss)
162 silly packumentCache full:https://registry.npmjs.org/ws set size:undefined disposed:false
163 http fetch GET 200 https://registry.npmjs.org/@sapphire%2fasync-queue 313ms (cache miss)
164 silly packumentCache full:https://registry.npmjs.org/@sapphire%2fasync-queue set size:undefined disposed:false
165 http fetch GET 200 https://registry.npmjs.org/@sapphire%2fasync-queue 350ms (cache miss)
166 silly packumentCache full:https://registry.npmjs.org/@sapphire%2fasync-queue set size:undefined disposed:false
167 http fetch GET 200 https://registry.npmjs.org/ts-mixer 701ms (cache miss)
168 silly packumentCache full:https://registry.npmjs.org/ts-mixer set size:undefined disposed:false
169 http fetch GET 200 https://registry.npmjs.org/magic-bytes.js 714ms (cache miss)
170 silly packumentCache full:https://registry.npmjs.org/magic-bytes.js set size:undefined disposed:false
171 http fetch GET 200 https://registry.npmjs.org/@vladfrangu%2fasync_event_emitter 1301ms (cache miss)
172 silly packumentCache full:https://registry.npmjs.org/@vladfrangu%2fasync_event_emitter set size:undefined disposed:false
173 http fetch GET 200 https://registry.npmjs.org/@vladfrangu%2fasync_event_emitter 1393ms (cache miss)
174 silly packumentCache full:https://registry.npmjs.org/@vladfrangu%2fasync_event_emitter set size:undefined disposed:false
175 http fetch GET 200 https://registry.npmjs.org/@sapphire%2fshapeshift 1423ms (cache miss)
176 silly packumentCache full:https://registry.npmjs.org/@sapphire%2fshapeshift set size:undefined disposed:false
177 silly placeDep ROOT @sapphire/shapeshift@4.0.0 OK for: @discordjs/builders@1.10.0 want: ^4.0.0
178 silly placeDep ROOT ts-mixer@6.0.4 OK for: @discordjs/builders@1.10.0 want: ^6.0.4
179 silly fetch manifest lodash@^4.17.21
180 silly packumentCache full:https://registry.npmjs.org/lodash cache-miss
181 http fetch GET 200 https://registry.npmjs.org/lodash 67ms (cache miss)
182 silly packumentCache full:https://registry.npmjs.org/lodash set size:undefined disposed:false
183 silly placeDep node_modules/@discordjs/rest @discordjs/collection@2.1.1 OK for: @discordjs/rest@2.4.2 want: ^2.1.1
184 silly placeDep ROOT @sapphire/async-queue@1.5.5 OK for: @discordjs/rest@2.4.2 want: ^1.5.3
185 silly placeDep ROOT @vladfrangu/async_event_emitter@2.4.6 OK for: @discordjs/rest@2.4.2 want: ^2.4.6
186 silly placeDep ROOT magic-bytes.js@1.10.0 OK for: @discordjs/rest@2.4.2 want: ^1.10.0
187 silly fetch manifest bufferutil@^4.0.1
188 silly packumentCache full:https://registry.npmjs.org/bufferutil cache-miss
189 http fetch GET 200 https://registry.npmjs.org/bufferutil 53ms (cache miss)
190 silly packumentCache full:https://registry.npmjs.org/bufferutil set size:undefined disposed:false
191 silly fetch manifest utf-8-validate@>=5.0.2
192 silly packumentCache full:https://registry.npmjs.org/utf-8-validate cache-miss
193 http fetch GET 200 https://registry.npmjs.org/utf-8-validate 717ms (cache miss)
194 silly packumentCache full:https://registry.npmjs.org/utf-8-validate set size:undefined disposed:false
195 silly placeDep node_modules/@discordjs/ws @discordjs/collection@2.1.1 OK for: @discordjs/ws@1.2.0 want: ^2.1.0
196 silly placeDep ROOT @types/ws@8.5.13 OK for: @discordjs/ws@1.2.0 want: ^8.5.10
197 silly placeDep ROOT ws@8.18.0 OK for: @discordjs/ws@1.2.0 want: ^8.17.0
198 silly fetch manifest @types/node@*
199 silly packumentCache full:https://registry.npmjs.org/@types%2fnode cache-miss
200 http fetch GET 200 https://registry.npmjs.org/@types%2fnode 408ms (cache miss)
201 silly packumentCache full:https://registry.npmjs.org/@types%2fnode set size:undefined disposed:false
202 silly placeDep ROOT lodash@4.17.21 OK for: @sapphire/shapeshift@4.0.0 want: ^4.17.21
203 silly placeDep ROOT @types/node@22.10.5 OK for: @types/ws@8.5.13 want: *
204 silly fetch manifest undici-types@~6.20.0
205 silly packumentCache full:https://registry.npmjs.org/undici-types cache-miss
206 http fetch GET 200 https://registry.npmjs.org/undici-types 77ms (cache miss)
207 silly packumentCache full:https://registry.npmjs.org/undici-types set size:undefined disposed:false
208 silly placeDep ROOT undici-types@6.20.0 OK for: @types/node@22.10.5 want: ~6.20.0
209 silly placeDep ROOT asynckit@0.4.0 OK for: form-data@4.0.1 want: ^0.4.0
210 silly placeDep ROOT combined-stream@1.0.8 OK for: form-data@4.0.1 want: ^1.0.8
211 silly placeDep ROOT mime-types@2.1.35 OK for: form-data@4.0.1 want: ^2.1.12
212 silly fetch manifest delayed-stream@~1.0.0
213 silly packumentCache full:https://registry.npmjs.org/delayed-stream cache-miss
214 silly fetch manifest mime-db@1.52.0
215 silly packumentCache full:https://registry.npmjs.org/mime-db cache-miss
216 http fetch GET 200 https://registry.npmjs.org/mime-db 61ms (cache miss)
217 silly packumentCache full:https://registry.npmjs.org/mime-db set size:undefined disposed:false
218 http fetch GET 200 https://registry.npmjs.org/delayed-stream 65ms (cache miss)
219 silly packumentCache full:https://registry.npmjs.org/delayed-stream set size:undefined disposed:false
220 silly placeDep ROOT delayed-stream@1.0.0 OK for: combined-stream@1.0.8 want: ~1.0.0
221 silly placeDep ROOT mime-db@1.52.0 OK for: mime-types@2.1.35 want: 1.52.0
222 silly reify moves {}
223 silly audit bulk request {
223 silly audit   axios: [ '1.7.9' ],
223 silly audit   'discord.js': [ '14.17.3' ],
223 silly audit   dotenv: [ '16.4.7' ],
223 silly audit   fs: [ '0.0.1-security' ],
223 silly audit   'follow-redirects': [ '1.15.9' ],
223 silly audit   'form-data': [ '4.0.1' ],
223 silly audit   'proxy-from-env': [ '1.1.0' ],
223 silly audit   '@discordjs/builders': [ '1.10.0' ],
223 silly audit   '@discordjs/collection': [ '1.5.3', '2.1.1' ],
223 silly audit   '@discordjs/formatters': [ '0.6.0' ],
223 silly audit   '@discordjs/rest': [ '2.4.2' ],
223 silly audit   '@discordjs/util': [ '1.1.1' ],
223 silly audit   '@discordjs/ws': [ '1.2.0' ],
223 silly audit   '@sapphire/snowflake': [ '3.5.3' ],
223 silly audit   'discord-api-types': [ '0.37.115' ],
223 silly audit   'fast-deep-equal': [ '3.1.3' ],
223 silly audit   'lodash.snakecase': [ '4.1.1' ],
223 silly audit   tslib: [ '2.8.1' ],
223 silly audit   undici: [ '6.19.8' ],
223 silly audit   '@sapphire/shapeshift': [ '4.0.0' ],
223 silly audit   'ts-mixer': [ '6.0.4' ],
223 silly audit   '@sapphire/async-queue': [ '1.5.5' ],
223 silly audit   '@vladfrangu/async_event_emitter': [ '2.4.6' ],
223 silly audit   'magic-bytes.js': [ '1.10.0' ],
223 silly audit   '@types/ws': [ '8.5.13' ],
223 silly audit   ws: [ '8.18.0' ],
223 silly audit   lodash: [ '4.17.21' ],
223 silly audit   '@types/node': [ '22.10.5' ],
223 silly audit   'undici-types': [ '6.20.0' ],
223 silly audit   asynckit: [ '0.4.0' ],
223 silly audit   'combined-stream': [ '1.0.8' ],
223 silly audit   'mime-types': [ '2.1.35' ],
223 silly audit   'delayed-stream': [ '1.0.0' ],
223 silly audit   'mime-db': [ '1.52.0' ]
223 silly audit }
224 http cache delayed-stream@https://registry.npmjs.org/delayed-stream/-/delayed-stream-1.0.0.tgz 0ms (cache hit)
225 http cache mime-db@https://registry.npmjs.org/mime-db/-/mime-db-1.52.0.tgz 0ms (cache hit)
226 http cache mime-types@https://registry.npmjs.org/mime-types/-/mime-types-2.1.35.tgz 0ms (cache hit)
227 http cache asynckit@https://registry.npmjs.org/asynckit/-/asynckit-0.4.0.tgz 0ms (cache hit)
228 http cache combined-stream@https://registry.npmjs.org/combined-stream/-/combined-stream-1.0.8.tgz 0ms (cache hit)
229 http cache undici-types@https://registry.npmjs.org/undici-types/-/undici-types-6.20.0.tgz 0ms (cache hit)
230 http cache @types/node@https://registry.npmjs.org/@types/node/-/node-22.10.5.tgz 0ms (cache hit)
231 http cache @types/ws@https://registry.npmjs.org/@types/ws/-/ws-8.5.13.tgz 0ms (cache hit)
232 http cache lodash@https://registry.npmjs.org/lodash/-/lodash-4.17.21.tgz 0ms (cache hit)
233 http cache magic-bytes.js@https://registry.npmjs.org/magic-bytes.js/-/magic-bytes.js-1.10.0.tgz 1ms (cache hit)
234 http cache ws@https://registry.npmjs.org/ws/-/ws-8.18.0.tgz 0ms (cache hit)
235 http cache @vladfrangu/async_event_emitter@https://registry.npmjs.org/@vladfrangu/async_event_emitter/-/async_event_emitter-2.4.6.tgz 0ms (cache hit)
236 http cache @sapphire/async-queue@https://registry.npmjs.org/@sapphire/async-queue/-/async-queue-1.5.5.tgz 0ms (cache hit)
237 http cache @sapphire/shapeshift@https://registry.npmjs.org/@sapphire/shapeshift/-/shapeshift-4.0.0.tgz 0ms (cache hit)
238 http cache ts-mixer@https://registry.npmjs.org/ts-mixer/-/ts-mixer-6.0.4.tgz 0ms (cache hit)
239 http cache undici@https://registry.npmjs.org/undici/-/undici-6.19.8.tgz 0ms (cache hit)
240 http cache lodash.snakecase@https://registry.npmjs.org/lodash.snakecase/-/lodash.snakecase-4.1.1.tgz 0ms (cache hit)
241 http cache fast-deep-equal@https://registry.npmjs.org/fast-deep-equal/-/fast-deep-equal-3.1.3.tgz 0ms (cache hit)
242 http cache tslib@https://registry.npmjs.org/tslib/-/tslib-2.8.1.tgz 0ms (cache hit)
243 http cache discord-api-types@https://registry.npmjs.org/discord-api-types/-/discord-api-types-0.37.115.tgz 0ms (cache hit)
244 http cache @sapphire/snowflake@https://registry.npmjs.org/@sapphire/snowflake/-/snowflake-3.5.3.tgz 0ms (cache hit)
245 http cache @discordjs/ws@https://registry.npmjs.org/@discordjs/ws/-/ws-1.2.0.tgz 0ms (cache hit)
246 http cache @discordjs/util@https://registry.npmjs.org/@discordjs/util/-/util-1.1.1.tgz 0ms (cache hit)
247 http cache @discordjs/formatters@https://registry.npmjs.org/@discordjs/formatters/-/formatters-0.6.0.tgz 0ms (cache hit)
248 http cache @discordjs/rest@https://registry.npmjs.org/@discordjs/rest/-/rest-2.4.2.tgz 0ms (cache hit)
249 http cache @discordjs/collection@https://registry.npmjs.org/@discordjs/collection/-/collection-1.5.3.tgz 0ms (cache hit)
250 http cache @discordjs/builders@https://registry.npmjs.org/@discordjs/builders/-/builders-1.10.0.tgz 0ms (cache hit)
251 http cache proxy-from-env@https://registry.npmjs.org/proxy-from-env/-/proxy-from-env-1.1.0.tgz 0ms (cache hit)
252 http cache follow-redirects@https://registry.npmjs.org/follow-redirects/-/follow-redirects-1.15.9.tgz 0ms (cache hit)
253 http cache fs@https://registry.npmjs.org/fs/-/fs-0.0.1-security.tgz 0ms (cache hit)
254 http cache form-data@https://registry.npmjs.org/form-data/-/form-data-4.0.1.tgz 0ms (cache hit)
255 http cache discord.js@https://registry.npmjs.org/discord.js/-/discord.js-14.17.3.tgz 0ms (cache hit)
256 http cache axios@https://registry.npmjs.org/axios/-/axios-1.7.9.tgz 0ms (cache hit)
257 http cache @discordjs/collection@https://registry.npmjs.org/@discordjs/collection/-/collection-2.1.1.tgz 0ms (cache hit)
258 http cache @discordjs/collection@https://registry.npmjs.org/@discordjs/collection/-/collection-2.1.1.tgz 0ms (cache hit)
259 http cache dotenv@https://registry.npmjs.org/dotenv/-/dotenv-16.4.7.tgz 0ms (cache hit)
260 silly tarball no local data for delayed-stream@https://registry.npmjs.org/delayed-stream/-/delayed-stream-1.0.0.tgz. Extracting by manifest.
261 silly tarball no local data for mime-db@https://registry.npmjs.org/mime-db/-/mime-db-1.52.0.tgz. Extracting by manifest.
262 silly tarball no local data for mime-types@https://registry.npmjs.org/mime-types/-/mime-types-2.1.35.tgz. Extracting by manifest.
263 silly tarball no local data for asynckit@https://registry.npmjs.org/asynckit/-/asynckit-0.4.0.tgz. Extracting by manifest.
264 silly tarball no local data for combined-stream@https://registry.npmjs.org/combined-stream/-/combined-stream-1.0.8.tgz. Extracting by manifest.
265 silly tarball no local data for undici-types@https://registry.npmjs.org/undici-types/-/undici-types-6.20.0.tgz. Extracting by manifest.
266 silly tarball no local data for @types/node@https://registry.npmjs.org/@types/node/-/node-22.10.5.tgz. Extracting by manifest.
267 silly tarball no local data for @types/ws@https://registry.npmjs.org/@types/ws/-/ws-8.5.13.tgz. Extracting by manifest.
268 silly tarball no local data for lodash@https://registry.npmjs.org/lodash/-/lodash-4.17.21.tgz. Extracting by manifest.
269 silly tarball no local data for magic-bytes.js@https://registry.npmjs.org/magic-bytes.js/-/magic-bytes.js-1.10.0.tgz. Extracting by manifest.
270 silly tarball no local data for ws@https://registry.npmjs.org/ws/-/ws-8.18.0.tgz. Extracting by manifest.
271 silly tarball no local data for @vladfrangu/async_event_emitter@https://registry.npmjs.org/@vladfrangu/async_event_emitter/-/async_event_emitter-2.4.6.tgz. Extracting by manifest.
272 silly tarball no local data for @sapphire/async-queue@https://registry.npmjs.org/@sapphire/async-queue/-/async-queue-1.5.5.tgz. Extracting by manifest.
273 silly tarball no local data for @sapphire/shapeshift@https://registry.npmjs.org/@sapphire/shapeshift/-/shapeshift-4.0.0.tgz. Extracting by manifest.
274 silly tarball no local data for ts-mixer@https://registry.npmjs.org/ts-mixer/-/ts-mixer-6.0.4.tgz. Extracting by manifest.
275 silly tarball no local data for undici@https://registry.npmjs.org/undici/-/undici-6.19.8.tgz. Extracting by manifest.
276 silly tarball no local data for lodash.snakecase@https://registry.npmjs.org/lodash.snakecase/-/lodash.snakecase-4.1.1.tgz. Extracting by manifest.
277 silly tarball no local data for fast-deep-equal@https://registry.npmjs.org/fast-deep-equal/-/fast-deep-equal-3.1.3.tgz. Extracting by manifest.
278 silly tarball no local data for tslib@https://registry.npmjs.org/tslib/-/tslib-2.8.1.tgz. Extracting by manifest.
279 silly tarball no local data for discord-api-types@https://registry.npmjs.org/discord-api-types/-/discord-api-types-0.37.115.tgz. Extracting by manifest.
280 silly tarball no local data for @sapphire/snowflake@https://registry.npmjs.org/@sapphire/snowflake/-/snowflake-3.5.3.tgz. Extracting by manifest.
281 silly tarball no local data for @discordjs/ws@https://registry.npmjs.org/@discordjs/ws/-/ws-1.2.0.tgz. Extracting by manifest.
282 silly tarball no local data for @discordjs/util@https://registry.npmjs.org/@discordjs/util/-/util-1.1.1.tgz. Extracting by manifest.
283 silly tarball no local data for @discordjs/formatters@https://registry.npmjs.org/@discordjs/formatters/-/formatters-0.6.0.tgz. Extracting by manifest.
284 silly tarball no local data for @discordjs/rest@https://registry.npmjs.org/@discordjs/rest/-/rest-2.4.2.tgz. Extracting by manifest.
285 silly tarball no local data for @discordjs/collection@https://registry.npmjs.org/@discordjs/collection/-/collection-1.5.3.tgz. Extracting by manifest.
286 silly tarball no local data for @discordjs/builders@https://registry.npmjs.org/@discordjs/builders/-/builders-1.10.0.tgz. Extracting by manifest.
287 silly tarball no local data for proxy-from-env@https://registry.npmjs.org/proxy-from-env/-/proxy-from-env-1.1.0.tgz. Extracting by manifest.
288 silly tarball no local data for follow-redirects@https://registry.npmjs.org/follow-redirects/-/follow-redirects-1.15.9.tgz. Extracting by manifest.
289 silly tarball no local data for fs@https://registry.npmjs.org/fs/-/fs-0.0.1-security.tgz. Extracting by manifest.
290 silly tarball no local data for form-data@https://registry.npmjs.org/form-data/-/form-data-4.0.1.tgz. Extracting by manifest.
291 silly tarball no local data for discord.js@https://registry.npmjs.org/discord.js/-/discord.js-14.17.3.tgz. Extracting by manifest.
292 silly tarball no local data for axios@https://registry.npmjs.org/axios/-/axios-1.7.9.tgz. Extracting by manifest.
293 silly tarball no local data for @discordjs/collection@https://registry.npmjs.org/@discordjs/collection/-/collection-2.1.1.tgz. Extracting by manifest.
294 silly tarball no local data for @discordjs/collection@https://registry.npmjs.org/@discordjs/collection/-/collection-2.1.1.tgz. Extracting by manifest.
295 silly tarball no local data for dotenv@https://registry.npmjs.org/dotenv/-/dotenv-16.4.7.tgz. Extracting by manifest.
296 http fetch GET 200 https://registry.npmjs.org/combined-stream/-/combined-stream-1.0.8.tgz 177ms (cache miss)
297 http fetch GET 200 https://registry.npmjs.org/delayed-stream/-/delayed-stream-1.0.0.tgz 181ms (cache miss)
298 http fetch GET 200 https://registry.npmjs.org/asynckit/-/asynckit-0.4.0.tgz 180ms (cache miss)
299 http fetch GET 200 https://registry.npmjs.org/mime-types/-/mime-types-2.1.35.tgz 181ms (cache miss)
300 http fetch GET 200 https://registry.npmjs.org/magic-bytes.js/-/magic-bytes.js-1.10.0.tgz 176ms (cache miss)
301 http fetch GET 200 https://registry.npmjs.org/@types/ws/-/ws-8.5.13.tgz 180ms (cache miss)
302 http fetch GET 200 https://registry.npmjs.org/ws/-/ws-8.18.0.tgz 191ms (cache miss)
303 http fetch GET 200 https://registry.npmjs.org/undici-types/-/undici-types-6.20.0.tgz 207ms (cache miss)
304 http fetch POST 200 https://registry.npmjs.org/-/npm/v1/security/advisories/bulk 350ms
305 silly audit report {}
306 http fetch GET 200 https://registry.npmjs.org/@sapphire/async-queue/-/async-queue-1.5.5.tgz 324ms (cache miss)
307 http fetch GET 200 https://registry.npmjs.org/mime-db/-/mime-db-1.52.0.tgz 340ms (cache miss)
308 http fetch GET 200 https://registry.npmjs.org/@vladfrangu/async_event_emitter/-/async_event_emitter-2.4.6.tgz 339ms (cache miss)
309 http fetch GET 200 https://registry.npmjs.org/ts-mixer/-/ts-mixer-6.0.4.tgz 345ms (cache miss)
310 http fetch GET 200 https://registry.npmjs.org/lodash.snakecase/-/lodash.snakecase-4.1.1.tgz 406ms (cache miss)
311 http fetch GET 200 https://registry.npmjs.org/tslib/-/tslib-2.8.1.tgz 407ms (cache miss)
312 http fetch GET 200 https://registry.npmjs.org/fast-deep-equal/-/fast-deep-equal-3.1.3.tgz 412ms (cache miss)
313 http fetch GET 200 https://registry.npmjs.org/@discordjs/util/-/util-1.1.1.tgz 539ms (cache miss)
314 http fetch GET 200 https://registry.npmjs.org/proxy-from-env/-/proxy-from-env-1.1.0.tgz 533ms (cache miss)
315 http fetch GET 200 https://registry.npmjs.org/follow-redirects/-/follow-redirects-1.15.9.tgz 535ms (cache miss)
316 http fetch GET 200 https://registry.npmjs.org/@sapphire/snowflake/-/snowflake-3.5.3.tgz 546ms (cache miss)
317 http fetch GET 200 https://registry.npmjs.org/fs/-/fs-0.0.1-security.tgz 535ms (cache miss)
318 http fetch GET 200 https://registry.npmjs.org/@discordjs/collection/-/collection-1.5.3.tgz 545ms (cache miss)
319 http fetch GET 200 https://registry.npmjs.org/form-data/-/form-data-4.0.1.tgz 592ms (cache miss)
320 http fetch GET 200 https://registry.npmjs.org/@types/node/-/node-22.10.5.tgz 638ms (cache miss)
321 http fetch GET 200 https://registry.npmjs.org/dotenv/-/dotenv-16.4.7.tgz 615ms (cache miss)
322 http fetch GET 200 https://registry.npmjs.org/@sapphire/shapeshift/-/shapeshift-4.0.0.tgz 642ms (cache miss)
323 http fetch GET 200 https://registry.npmjs.org/@discordjs/collection/-/collection-2.1.1.tgz 704ms (cache miss)
324 http fetch GET 200 https://registry.npmjs.org/@discordjs/collection/-/collection-2.1.1.tgz 706ms (cache miss)
325 http fetch GET 200 https://registry.npmjs.org/@discordjs/formatters/-/formatters-0.6.0.tgz 717ms (cache miss)
326 http fetch GET 200 https://registry.npmjs.org/undici/-/undici-6.19.8.tgz 817ms (cache miss)
327 http fetch GET 200 https://registry.npmjs.org/axios/-/axios-1.7.9.tgz 867ms (cache miss)
328 http fetch GET 200 https://registry.npmjs.org/@discordjs/ws/-/ws-1.2.0.tgz 893ms (cache miss)
329 http fetch GET 200 https://registry.npmjs.org/lodash/-/lodash-4.17.21.tgz 906ms (cache miss)
330 http fetch GET 200 https://registry.npmjs.org/discord.js/-/discord.js-14.17.3.tgz 953ms (cache miss)
331 http fetch GET 200 https://registry.npmjs.org/discord-api-types/-/discord-api-types-0.37.115.tgz 1009ms (cache miss)
332 http fetch GET 200 https://registry.npmjs.org/@discordjs/builders/-/builders-1.10.0.tgz 1061ms (cache miss)
333 http fetch GET 200 https://registry.npmjs.org/@discordjs/rest/-/rest-2.4.2.tgz 1076ms (cache miss)
334 silly ADD node_modules/mime-db
335 silly ADD node_modules/delayed-stream
336 silly ADD node_modules/mime-types
337 silly ADD node_modules/combined-stream
338 silly ADD node_modules/asynckit
339 silly ADD node_modules/undici-types
340 silly ADD node_modules/@types/node
341 silly ADD node_modules/lodash
342 silly ADD node_modules/ws
343 silly ADD node_modules/@types/ws
344 silly ADD node_modules/magic-bytes.js
345 silly ADD node_modules/@vladfrangu/async_event_emitter
346 silly ADD node_modules/@sapphire/async-queue
347 silly ADD node_modules/ts-mixer
348 silly ADD node_modules/@sapphire/shapeshift
349 silly ADD node_modules/undici
350 silly ADD node_modules/tslib
351 silly ADD node_modules/lodash.snakecase
352 silly ADD node_modules/fast-deep-equal
353 silly ADD node_modules/discord-api-types
354 silly ADD node_modules/@sapphire/snowflake
355 silly ADD node_modules/@discordjs/ws
356 silly ADD node_modules/@discordjs/ws/node_modules/@discordjs/collection
357 silly ADD node_modules/@discordjs/util
358 silly ADD node_modules/@discordjs/rest
359 silly ADD node_modules/@discordjs/rest/node_modules/@discordjs/collection
360 silly ADD node_modules/@discordjs/formatters
361 silly ADD node_modules/@discordjs/collection
362 silly ADD node_modules/@discordjs/builders
363 silly ADD node_modules/proxy-from-env
364 silly ADD node_modules/form-data
365 silly ADD node_modules/follow-redirects
366 silly ADD node_modules/fs
367 silly ADD node_modules/dotenv
368 silly ADD node_modules/discord.js
369 silly ADD node_modules/axios
370 verbose cwd /home/container
371 verbose os Linux 6.8.0-51-generic
372 verbose node v20.18.1
373 verbose npm  v11.0.0
374 verbose exit 0
375 info ok
